{"timestamp":"2025-08-06T02:47:46.691880","level":"info","event":"Filling up the DagBag from /home/airflow/.local/lib/python3.12/site-packages/airflow/example_dags/example_asset_alias.py","logger":"airflow.models.dagbag.DagBag"}
{"timestamp":"2025-08-06T02:48:25.966661","level":"error","event":"Process timed out, PID: 48","logger":"airflow.utils.timeout.TimeoutPosix"}
{"timestamp":"2025-08-06T02:49:17.909522Z","level":"error","event":"Exception ignored in: <function _collection_gced at 0xffffa7509260>","chan":"stderr","logger":"processor"}
{"timestamp":"2025-08-06T02:49:17.920466Z","level":"error","event":"Traceback (most recent call last):","chan":"stderr","logger":"processor"}
{"timestamp":"2025-08-06T02:49:17.930539Z","level":"error","event":"  File \"/home/airflow/.local/lib/python3.12/site-packages/sqlalchemy/event/registry.py\", line 53, in _collection_gced","chan":"stderr","logger":"processor"}
{"timestamp":"2025-08-06T02:49:17.950513Z","level":"error","event":"    def _collection_gced(ref):","chan":"stderr","logger":"processor"}
{"timestamp":"2025-08-06T02:49:17.950961Z","level":"error","event":"","chan":"stderr","logger":"processor"}
{"timestamp":"2025-08-06T02:49:17.951144Z","level":"error","event":"  File \"/home/airflow/.local/lib/python3.12/site-packages/airflow/utils/timeout.py\", line 69, in handle_timeout","chan":"stderr","logger":"processor"}
{"timestamp":"2025-08-06T02:49:17.951353Z","level":"error","event":"    raise AirflowTaskTimeout(self.error_message)","chan":"stderr","logger":"processor"}
{"timestamp":"2025-08-06T02:49:17.951645Z","level":"error","event":"airflow.exceptions.AirflowTaskTimeout: DagBag import timeout for /home/airflow/.local/lib/python3.12/site-packages/airflow/example_dags/example_asset_alias.py after 30.0s.","chan":"stderr","logger":"processor"}
{"timestamp":"2025-08-06T02:49:17.952095Z","level":"error","event":"Please take a look at these docs to improve your DAG import time:","chan":"stderr","logger":"processor"}
{"timestamp":"2025-08-06T02:49:17.955686Z","level":"error","event":"* https://airflow.apache.org/docs/apache-airflow/3.0.3/best-practices.html#top-level-python-code","chan":"stderr","logger":"processor"}
{"timestamp":"2025-08-06T02:49:17.963619Z","level":"error","event":"* https://airflow.apache.org/docs/apache-airflow/3.0.3/best-practices.html#reducing-dag-complexity, PID: 48","chan":"stderr","logger":"processor"}
{"timestamp":"2025-08-06T02:58:49.772240","level":"info","event":"Filling up the DagBag from /home/airflow/.local/lib/python3.12/site-packages/airflow/example_dags/example_asset_alias.py","logger":"airflow.models.dagbag.DagBag"}
{"timestamp":"2025-08-06T03:00:54.769211","level":"info","event":"Filling up the DagBag from /home/airflow/.local/lib/python3.12/site-packages/airflow/example_dags/example_asset_alias.py","logger":"airflow.models.dagbag.DagBag"}
{"timestamp":"2025-08-06T03:01:56.770094","level":"info","event":"Filling up the DagBag from /home/airflow/.local/lib/python3.12/site-packages/airflow/example_dags/example_asset_alias.py","logger":"airflow.models.dagbag.DagBag"}
{"timestamp":"2025-08-06T13:32:27.664055","level":"info","event":"Filling up the DagBag from /home/airflow/.local/lib/python3.12/site-packages/airflow/example_dags/example_asset_alias.py","logger":"airflow.models.dagbag.DagBag"}
{"timestamp":"2025-08-06T13:32:58.073678","level":"info","event":"Filling up the DagBag from /home/airflow/.local/lib/python3.12/site-packages/airflow/example_dags/example_asset_alias.py","logger":"airflow.models.dagbag.DagBag"}
{"timestamp":"2025-08-06T13:33:28.196649","level":"info","event":"Filling up the DagBag from /home/airflow/.local/lib/python3.12/site-packages/airflow/example_dags/example_asset_alias.py","logger":"airflow.models.dagbag.DagBag"}
{"timestamp":"2025-08-06T13:33:58.729106","level":"info","event":"Filling up the DagBag from /home/airflow/.local/lib/python3.12/site-packages/airflow/example_dags/example_asset_alias.py","logger":"airflow.models.dagbag.DagBag"}
{"timestamp":"2025-08-06T13:34:30.470505","level":"info","event":"Filling up the DagBag from /home/airflow/.local/lib/python3.12/site-packages/airflow/example_dags/example_asset_alias.py","logger":"airflow.models.dagbag.DagBag"}
{"timestamp":"2025-08-06T13:35:00.865332","level":"info","event":"Filling up the DagBag from /home/airflow/.local/lib/python3.12/site-packages/airflow/example_dags/example_asset_alias.py","logger":"airflow.models.dagbag.DagBag"}
{"timestamp":"2025-08-06T13:35:31.131965","level":"info","event":"Filling up the DagBag from /home/airflow/.local/lib/python3.12/site-packages/airflow/example_dags/example_asset_alias.py","logger":"airflow.models.dagbag.DagBag"}
{"timestamp":"2025-08-06T13:36:01.556488","level":"info","event":"Filling up the DagBag from /home/airflow/.local/lib/python3.12/site-packages/airflow/example_dags/example_asset_alias.py","logger":"airflow.models.dagbag.DagBag"}
{"timestamp":"2025-08-06T13:36:31.988433","level":"info","event":"Filling up the DagBag from /home/airflow/.local/lib/python3.12/site-packages/airflow/example_dags/example_asset_alias.py","logger":"airflow.models.dagbag.DagBag"}
{"timestamp":"2025-08-06T13:37:03.649655","level":"info","event":"Filling up the DagBag from /home/airflow/.local/lib/python3.12/site-packages/airflow/example_dags/example_asset_alias.py","logger":"airflow.models.dagbag.DagBag"}
{"timestamp":"2025-08-06T13:37:34.674744","level":"info","event":"Filling up the DagBag from /home/airflow/.local/lib/python3.12/site-packages/airflow/example_dags/example_asset_alias.py","logger":"airflow.models.dagbag.DagBag"}
{"timestamp":"2025-08-06T13:38:05.672385","level":"info","event":"Filling up the DagBag from /home/airflow/.local/lib/python3.12/site-packages/airflow/example_dags/example_asset_alias.py","logger":"airflow.models.dagbag.DagBag"}
{"timestamp":"2025-08-06T13:38:36.101992","level":"info","event":"Filling up the DagBag from /home/airflow/.local/lib/python3.12/site-packages/airflow/example_dags/example_asset_alias.py","logger":"airflow.models.dagbag.DagBag"}
{"timestamp":"2025-08-06T13:39:06.589451","level":"info","event":"Filling up the DagBag from /home/airflow/.local/lib/python3.12/site-packages/airflow/example_dags/example_asset_alias.py","logger":"airflow.models.dagbag.DagBag"}
{"timestamp":"2025-08-06T13:39:37.803542","level":"info","event":"Filling up the DagBag from /home/airflow/.local/lib/python3.12/site-packages/airflow/example_dags/example_asset_alias.py","logger":"airflow.models.dagbag.DagBag"}
{"timestamp":"2025-08-06T13:40:08.565402","level":"info","event":"Filling up the DagBag from /home/airflow/.local/lib/python3.12/site-packages/airflow/example_dags/example_asset_alias.py","logger":"airflow.models.dagbag.DagBag"}
{"timestamp":"2025-08-06T13:40:38.712713","level":"info","event":"Filling up the DagBag from /home/airflow/.local/lib/python3.12/site-packages/airflow/example_dags/example_asset_alias.py","logger":"airflow.models.dagbag.DagBag"}
{"timestamp":"2025-08-06T13:41:09.470754","level":"info","event":"Filling up the DagBag from /home/airflow/.local/lib/python3.12/site-packages/airflow/example_dags/example_asset_alias.py","logger":"airflow.models.dagbag.DagBag"}
{"timestamp":"2025-08-06T13:41:40.617265","level":"info","event":"Filling up the DagBag from /home/airflow/.local/lib/python3.12/site-packages/airflow/example_dags/example_asset_alias.py","logger":"airflow.models.dagbag.DagBag"}
{"timestamp":"2025-08-06T13:42:11.643251","level":"info","event":"Filling up the DagBag from /home/airflow/.local/lib/python3.12/site-packages/airflow/example_dags/example_asset_alias.py","logger":"airflow.models.dagbag.DagBag"}
{"timestamp":"2025-08-06T13:42:42.747809","level":"info","event":"Filling up the DagBag from /home/airflow/.local/lib/python3.12/site-packages/airflow/example_dags/example_asset_alias.py","logger":"airflow.models.dagbag.DagBag"}
{"timestamp":"2025-08-06T13:43:13.820572","level":"info","event":"Filling up the DagBag from /home/airflow/.local/lib/python3.12/site-packages/airflow/example_dags/example_asset_alias.py","logger":"airflow.models.dagbag.DagBag"}
{"timestamp":"2025-08-06T13:43:44.830984","level":"info","event":"Filling up the DagBag from /home/airflow/.local/lib/python3.12/site-packages/airflow/example_dags/example_asset_alias.py","logger":"airflow.models.dagbag.DagBag"}
{"timestamp":"2025-08-06T13:44:15.701233","level":"info","event":"Filling up the DagBag from /home/airflow/.local/lib/python3.12/site-packages/airflow/example_dags/example_asset_alias.py","logger":"airflow.models.dagbag.DagBag"}
{"timestamp":"2025-08-06T13:44:46.244700","level":"info","event":"Filling up the DagBag from /home/airflow/.local/lib/python3.12/site-packages/airflow/example_dags/example_asset_alias.py","logger":"airflow.models.dagbag.DagBag"}
{"timestamp":"2025-08-06T13:45:17.289651","level":"info","event":"Filling up the DagBag from /home/airflow/.local/lib/python3.12/site-packages/airflow/example_dags/example_asset_alias.py","logger":"airflow.models.dagbag.DagBag"}
{"timestamp":"2025-08-06T13:45:48.394990","level":"info","event":"Filling up the DagBag from /home/airflow/.local/lib/python3.12/site-packages/airflow/example_dags/example_asset_alias.py","logger":"airflow.models.dagbag.DagBag"}
{"timestamp":"2025-08-06T13:46:19.433127","level":"info","event":"Filling up the DagBag from /home/airflow/.local/lib/python3.12/site-packages/airflow/example_dags/example_asset_alias.py","logger":"airflow.models.dagbag.DagBag"}
{"timestamp":"2025-08-06T13:46:50.310298","level":"info","event":"Filling up the DagBag from /home/airflow/.local/lib/python3.12/site-packages/airflow/example_dags/example_asset_alias.py","logger":"airflow.models.dagbag.DagBag"}
{"timestamp":"2025-08-06T13:47:20.720086","level":"info","event":"Filling up the DagBag from /home/airflow/.local/lib/python3.12/site-packages/airflow/example_dags/example_asset_alias.py","logger":"airflow.models.dagbag.DagBag"}
{"timestamp":"2025-08-06T13:47:51.192512","level":"info","event":"Filling up the DagBag from /home/airflow/.local/lib/python3.12/site-packages/airflow/example_dags/example_asset_alias.py","logger":"airflow.models.dagbag.DagBag"}
{"timestamp":"2025-08-06T13:48:21.808186","level":"info","event":"Filling up the DagBag from /home/airflow/.local/lib/python3.12/site-packages/airflow/example_dags/example_asset_alias.py","logger":"airflow.models.dagbag.DagBag"}
{"timestamp":"2025-08-06T13:48:52.350175","level":"info","event":"Filling up the DagBag from /home/airflow/.local/lib/python3.12/site-packages/airflow/example_dags/example_asset_alias.py","logger":"airflow.models.dagbag.DagBag"}
{"timestamp":"2025-08-06T13:49:23.144885","level":"info","event":"Filling up the DagBag from /home/airflow/.local/lib/python3.12/site-packages/airflow/example_dags/example_asset_alias.py","logger":"airflow.models.dagbag.DagBag"}
{"timestamp":"2025-08-06T13:49:53.955652","level":"info","event":"Filling up the DagBag from /home/airflow/.local/lib/python3.12/site-packages/airflow/example_dags/example_asset_alias.py","logger":"airflow.models.dagbag.DagBag"}
{"timestamp":"2025-08-06T13:50:24.673904","level":"info","event":"Filling up the DagBag from /home/airflow/.local/lib/python3.12/site-packages/airflow/example_dags/example_asset_alias.py","logger":"airflow.models.dagbag.DagBag"}
{"timestamp":"2025-08-06T13:50:55.642861","level":"info","event":"Filling up the DagBag from /home/airflow/.local/lib/python3.12/site-packages/airflow/example_dags/example_asset_alias.py","logger":"airflow.models.dagbag.DagBag"}
{"timestamp":"2025-08-06T13:51:26.839947","level":"info","event":"Filling up the DagBag from /home/airflow/.local/lib/python3.12/site-packages/airflow/example_dags/example_asset_alias.py","logger":"airflow.models.dagbag.DagBag"}
{"timestamp":"2025-08-06T13:51:57.618308","level":"info","event":"Filling up the DagBag from /home/airflow/.local/lib/python3.12/site-packages/airflow/example_dags/example_asset_alias.py","logger":"airflow.models.dagbag.DagBag"}
{"timestamp":"2025-08-06T13:52:28.334217","level":"info","event":"Filling up the DagBag from /home/airflow/.local/lib/python3.12/site-packages/airflow/example_dags/example_asset_alias.py","logger":"airflow.models.dagbag.DagBag"}
{"timestamp":"2025-08-06T13:52:59.259719","level":"info","event":"Filling up the DagBag from /home/airflow/.local/lib/python3.12/site-packages/airflow/example_dags/example_asset_alias.py","logger":"airflow.models.dagbag.DagBag"}
{"timestamp":"2025-08-06T13:53:29.722568","level":"info","event":"Filling up the DagBag from /home/airflow/.local/lib/python3.12/site-packages/airflow/example_dags/example_asset_alias.py","logger":"airflow.models.dagbag.DagBag"}
{"timestamp":"2025-08-06T13:53:59.951963","level":"info","event":"Filling up the DagBag from /home/airflow/.local/lib/python3.12/site-packages/airflow/example_dags/example_asset_alias.py","logger":"airflow.models.dagbag.DagBag"}
{"timestamp":"2025-08-06T13:54:31.271053","level":"info","event":"Filling up the DagBag from /home/airflow/.local/lib/python3.12/site-packages/airflow/example_dags/example_asset_alias.py","logger":"airflow.models.dagbag.DagBag"}
{"timestamp":"2025-08-06T13:55:02.400116","level":"info","event":"Filling up the DagBag from /home/airflow/.local/lib/python3.12/site-packages/airflow/example_dags/example_asset_alias.py","logger":"airflow.models.dagbag.DagBag"}
{"timestamp":"2025-08-06T13:55:32.655506","level":"info","event":"Filling up the DagBag from /home/airflow/.local/lib/python3.12/site-packages/airflow/example_dags/example_asset_alias.py","logger":"airflow.models.dagbag.DagBag"}
{"timestamp":"2025-08-06T13:56:03.710744","level":"info","event":"Filling up the DagBag from /home/airflow/.local/lib/python3.12/site-packages/airflow/example_dags/example_asset_alias.py","logger":"airflow.models.dagbag.DagBag"}
{"timestamp":"2025-08-06T13:56:34.015499","level":"info","event":"Filling up the DagBag from /home/airflow/.local/lib/python3.12/site-packages/airflow/example_dags/example_asset_alias.py","logger":"airflow.models.dagbag.DagBag"}
{"timestamp":"2025-08-06T13:57:04.417967","level":"info","event":"Filling up the DagBag from /home/airflow/.local/lib/python3.12/site-packages/airflow/example_dags/example_asset_alias.py","logger":"airflow.models.dagbag.DagBag"}
{"timestamp":"2025-08-06T13:57:35.383355","level":"info","event":"Filling up the DagBag from /home/airflow/.local/lib/python3.12/site-packages/airflow/example_dags/example_asset_alias.py","logger":"airflow.models.dagbag.DagBag"}
{"timestamp":"2025-08-06T13:58:06.141846","level":"info","event":"Filling up the DagBag from /home/airflow/.local/lib/python3.12/site-packages/airflow/example_dags/example_asset_alias.py","logger":"airflow.models.dagbag.DagBag"}
{"timestamp":"2025-08-06T13:58:36.343799","level":"info","event":"Filling up the DagBag from /home/airflow/.local/lib/python3.12/site-packages/airflow/example_dags/example_asset_alias.py","logger":"airflow.models.dagbag.DagBag"}
{"timestamp":"2025-08-06T13:59:07.446741","level":"info","event":"Filling up the DagBag from /home/airflow/.local/lib/python3.12/site-packages/airflow/example_dags/example_asset_alias.py","logger":"airflow.models.dagbag.DagBag"}
{"timestamp":"2025-08-06T13:59:38.433841","level":"info","event":"Filling up the DagBag from /home/airflow/.local/lib/python3.12/site-packages/airflow/example_dags/example_asset_alias.py","logger":"airflow.models.dagbag.DagBag"}
{"timestamp":"2025-08-06T14:00:09.361623","level":"info","event":"Filling up the DagBag from /home/airflow/.local/lib/python3.12/site-packages/airflow/example_dags/example_asset_alias.py","logger":"airflow.models.dagbag.DagBag"}
{"timestamp":"2025-08-06T14:00:40.371952","level":"info","event":"Filling up the DagBag from /home/airflow/.local/lib/python3.12/site-packages/airflow/example_dags/example_asset_alias.py","logger":"airflow.models.dagbag.DagBag"}
{"timestamp":"2025-08-06T14:01:11.059241","level":"info","event":"Filling up the DagBag from /home/airflow/.local/lib/python3.12/site-packages/airflow/example_dags/example_asset_alias.py","logger":"airflow.models.dagbag.DagBag"}
{"timestamp":"2025-08-06T14:01:41.616869","level":"info","event":"Filling up the DagBag from /home/airflow/.local/lib/python3.12/site-packages/airflow/example_dags/example_asset_alias.py","logger":"airflow.models.dagbag.DagBag"}
{"timestamp":"2025-08-06T14:02:12.384451","level":"info","event":"Filling up the DagBag from /home/airflow/.local/lib/python3.12/site-packages/airflow/example_dags/example_asset_alias.py","logger":"airflow.models.dagbag.DagBag"}
{"timestamp":"2025-08-06T14:02:43.248126","level":"info","event":"Filling up the DagBag from /home/airflow/.local/lib/python3.12/site-packages/airflow/example_dags/example_asset_alias.py","logger":"airflow.models.dagbag.DagBag"}
{"timestamp":"2025-08-06T14:03:13.663065","level":"info","event":"Filling up the DagBag from /home/airflow/.local/lib/python3.12/site-packages/airflow/example_dags/example_asset_alias.py","logger":"airflow.models.dagbag.DagBag"}
{"timestamp":"2025-08-06T14:03:44.809672","level":"info","event":"Filling up the DagBag from /home/airflow/.local/lib/python3.12/site-packages/airflow/example_dags/example_asset_alias.py","logger":"airflow.models.dagbag.DagBag"}
{"timestamp":"2025-08-06T14:04:15.137467","level":"info","event":"Filling up the DagBag from /home/airflow/.local/lib/python3.12/site-packages/airflow/example_dags/example_asset_alias.py","logger":"airflow.models.dagbag.DagBag"}
{"timestamp":"2025-08-06T14:04:46.391060","level":"info","event":"Filling up the DagBag from /home/airflow/.local/lib/python3.12/site-packages/airflow/example_dags/example_asset_alias.py","logger":"airflow.models.dagbag.DagBag"}
{"timestamp":"2025-08-06T14:05:17.018642","level":"info","event":"Filling up the DagBag from /home/airflow/.local/lib/python3.12/site-packages/airflow/example_dags/example_asset_alias.py","logger":"airflow.models.dagbag.DagBag"}
{"timestamp":"2025-08-06T14:05:47.850162","level":"info","event":"Filling up the DagBag from /home/airflow/.local/lib/python3.12/site-packages/airflow/example_dags/example_asset_alias.py","logger":"airflow.models.dagbag.DagBag"}
{"timestamp":"2025-08-06T14:06:17.934594","level":"info","event":"Filling up the DagBag from /home/airflow/.local/lib/python3.12/site-packages/airflow/example_dags/example_asset_alias.py","logger":"airflow.models.dagbag.DagBag"}
{"timestamp":"2025-08-06T14:06:49.539541","level":"info","event":"Filling up the DagBag from /home/airflow/.local/lib/python3.12/site-packages/airflow/example_dags/example_asset_alias.py","logger":"airflow.models.dagbag.DagBag"}
{"timestamp":"2025-08-06T14:07:20.521830","level":"info","event":"Filling up the DagBag from /home/airflow/.local/lib/python3.12/site-packages/airflow/example_dags/example_asset_alias.py","logger":"airflow.models.dagbag.DagBag"}
{"timestamp":"2025-08-06T14:07:51.318204","level":"info","event":"Filling up the DagBag from /home/airflow/.local/lib/python3.12/site-packages/airflow/example_dags/example_asset_alias.py","logger":"airflow.models.dagbag.DagBag"}
{"timestamp":"2025-08-06T14:08:21.878533","level":"info","event":"Filling up the DagBag from /home/airflow/.local/lib/python3.12/site-packages/airflow/example_dags/example_asset_alias.py","logger":"airflow.models.dagbag.DagBag"}
{"timestamp":"2025-08-06T14:08:52.646228","level":"info","event":"Filling up the DagBag from /home/airflow/.local/lib/python3.12/site-packages/airflow/example_dags/example_asset_alias.py","logger":"airflow.models.dagbag.DagBag"}
{"timestamp":"2025-08-06T14:09:24.517935","level":"info","event":"Filling up the DagBag from /home/airflow/.local/lib/python3.12/site-packages/airflow/example_dags/example_asset_alias.py","logger":"airflow.models.dagbag.DagBag"}
{"timestamp":"2025-08-06T14:09:54.827226","level":"info","event":"Filling up the DagBag from /home/airflow/.local/lib/python3.12/site-packages/airflow/example_dags/example_asset_alias.py","logger":"airflow.models.dagbag.DagBag"}
{"timestamp":"2025-08-06T14:10:25.084214","level":"info","event":"Filling up the DagBag from /home/airflow/.local/lib/python3.12/site-packages/airflow/example_dags/example_asset_alias.py","logger":"airflow.models.dagbag.DagBag"}
{"timestamp":"2025-08-06T14:10:57.288325","level":"info","event":"Filling up the DagBag from /home/airflow/.local/lib/python3.12/site-packages/airflow/example_dags/example_asset_alias.py","logger":"airflow.models.dagbag.DagBag"}
{"timestamp":"2025-08-06T14:11:27.743031","level":"info","event":"Filling up the DagBag from /home/airflow/.local/lib/python3.12/site-packages/airflow/example_dags/example_asset_alias.py","logger":"airflow.models.dagbag.DagBag"}
{"timestamp":"2025-08-06T14:11:58.805477","level":"info","event":"Filling up the DagBag from /home/airflow/.local/lib/python3.12/site-packages/airflow/example_dags/example_asset_alias.py","logger":"airflow.models.dagbag.DagBag"}
{"timestamp":"2025-08-06T14:12:29.724498","level":"info","event":"Filling up the DagBag from /home/airflow/.local/lib/python3.12/site-packages/airflow/example_dags/example_asset_alias.py","logger":"airflow.models.dagbag.DagBag"}
{"timestamp":"2025-08-06T14:13:00.322495","level":"info","event":"Filling up the DagBag from /home/airflow/.local/lib/python3.12/site-packages/airflow/example_dags/example_asset_alias.py","logger":"airflow.models.dagbag.DagBag"}
{"timestamp":"2025-08-06T14:13:31.412324","level":"info","event":"Filling up the DagBag from /home/airflow/.local/lib/python3.12/site-packages/airflow/example_dags/example_asset_alias.py","logger":"airflow.models.dagbag.DagBag"}
{"timestamp":"2025-08-06T14:14:02.468291","level":"info","event":"Filling up the DagBag from /home/airflow/.local/lib/python3.12/site-packages/airflow/example_dags/example_asset_alias.py","logger":"airflow.models.dagbag.DagBag"}
{"timestamp":"2025-08-06T14:14:33.400994","level":"info","event":"Filling up the DagBag from /home/airflow/.local/lib/python3.12/site-packages/airflow/example_dags/example_asset_alias.py","logger":"airflow.models.dagbag.DagBag"}
{"timestamp":"2025-08-06T14:15:04.093093","level":"info","event":"Filling up the DagBag from /home/airflow/.local/lib/python3.12/site-packages/airflow/example_dags/example_asset_alias.py","logger":"airflow.models.dagbag.DagBag"}
{"timestamp":"2025-08-06T14:15:34.482042","level":"info","event":"Filling up the DagBag from /home/airflow/.local/lib/python3.12/site-packages/airflow/example_dags/example_asset_alias.py","logger":"airflow.models.dagbag.DagBag"}
{"timestamp":"2025-08-06T14:16:04.933099","level":"info","event":"Filling up the DagBag from /home/airflow/.local/lib/python3.12/site-packages/airflow/example_dags/example_asset_alias.py","logger":"airflow.models.dagbag.DagBag"}
{"timestamp":"2025-08-06T14:16:37.132140","level":"info","event":"Filling up the DagBag from /home/airflow/.local/lib/python3.12/site-packages/airflow/example_dags/example_asset_alias.py","logger":"airflow.models.dagbag.DagBag"}
{"timestamp":"2025-08-06T14:17:07.594334","level":"info","event":"Filling up the DagBag from /home/airflow/.local/lib/python3.12/site-packages/airflow/example_dags/example_asset_alias.py","logger":"airflow.models.dagbag.DagBag"}
{"timestamp":"2025-08-06T14:17:39.740331","level":"info","event":"Filling up the DagBag from /home/airflow/.local/lib/python3.12/site-packages/airflow/example_dags/example_asset_alias.py","logger":"airflow.models.dagbag.DagBag"}
{"timestamp":"2025-08-06T14:18:10.127385","level":"info","event":"Filling up the DagBag from /home/airflow/.local/lib/python3.12/site-packages/airflow/example_dags/example_asset_alias.py","logger":"airflow.models.dagbag.DagBag"}
{"timestamp":"2025-08-06T14:18:40.701397","level":"info","event":"Filling up the DagBag from /home/airflow/.local/lib/python3.12/site-packages/airflow/example_dags/example_asset_alias.py","logger":"airflow.models.dagbag.DagBag"}
{"timestamp":"2025-08-06T14:19:11.088538","level":"info","event":"Filling up the DagBag from /home/airflow/.local/lib/python3.12/site-packages/airflow/example_dags/example_asset_alias.py","logger":"airflow.models.dagbag.DagBag"}
{"timestamp":"2025-08-06T14:19:41.548703","level":"info","event":"Filling up the DagBag from /home/airflow/.local/lib/python3.12/site-packages/airflow/example_dags/example_asset_alias.py","logger":"airflow.models.dagbag.DagBag"}
{"timestamp":"2025-08-06T14:20:12.256623","level":"info","event":"Filling up the DagBag from /home/airflow/.local/lib/python3.12/site-packages/airflow/example_dags/example_asset_alias.py","logger":"airflow.models.dagbag.DagBag"}
{"timestamp":"2025-08-06T14:20:42.764561","level":"info","event":"Filling up the DagBag from /home/airflow/.local/lib/python3.12/site-packages/airflow/example_dags/example_asset_alias.py","logger":"airflow.models.dagbag.DagBag"}
{"timestamp":"2025-08-06T14:21:14.399492","level":"info","event":"Filling up the DagBag from /home/airflow/.local/lib/python3.12/site-packages/airflow/example_dags/example_asset_alias.py","logger":"airflow.models.dagbag.DagBag"}
{"timestamp":"2025-08-06T14:21:45.095625","level":"info","event":"Filling up the DagBag from /home/airflow/.local/lib/python3.12/site-packages/airflow/example_dags/example_asset_alias.py","logger":"airflow.models.dagbag.DagBag"}
{"timestamp":"2025-08-06T14:22:16.031906","level":"info","event":"Filling up the DagBag from /home/airflow/.local/lib/python3.12/site-packages/airflow/example_dags/example_asset_alias.py","logger":"airflow.models.dagbag.DagBag"}
{"timestamp":"2025-08-06T14:22:46.964661","level":"info","event":"Filling up the DagBag from /home/airflow/.local/lib/python3.12/site-packages/airflow/example_dags/example_asset_alias.py","logger":"airflow.models.dagbag.DagBag"}
{"timestamp":"2025-08-06T14:23:17.793522","level":"info","event":"Filling up the DagBag from /home/airflow/.local/lib/python3.12/site-packages/airflow/example_dags/example_asset_alias.py","logger":"airflow.models.dagbag.DagBag"}
{"timestamp":"2025-08-06T14:23:48.420870","level":"info","event":"Filling up the DagBag from /home/airflow/.local/lib/python3.12/site-packages/airflow/example_dags/example_asset_alias.py","logger":"airflow.models.dagbag.DagBag"}
{"timestamp":"2025-08-06T14:24:19.230712","level":"info","event":"Filling up the DagBag from /home/airflow/.local/lib/python3.12/site-packages/airflow/example_dags/example_asset_alias.py","logger":"airflow.models.dagbag.DagBag"}
{"timestamp":"2025-08-06T14:24:49.909051","level":"info","event":"Filling up the DagBag from /home/airflow/.local/lib/python3.12/site-packages/airflow/example_dags/example_asset_alias.py","logger":"airflow.models.dagbag.DagBag"}
{"timestamp":"2025-08-06T14:25:20.838911","level":"info","event":"Filling up the DagBag from /home/airflow/.local/lib/python3.12/site-packages/airflow/example_dags/example_asset_alias.py","logger":"airflow.models.dagbag.DagBag"}
{"timestamp":"2025-08-06T14:25:51.714772","level":"info","event":"Filling up the DagBag from /home/airflow/.local/lib/python3.12/site-packages/airflow/example_dags/example_asset_alias.py","logger":"airflow.models.dagbag.DagBag"}
{"timestamp":"2025-08-06T14:26:21.873398","level":"info","event":"Filling up the DagBag from /home/airflow/.local/lib/python3.12/site-packages/airflow/example_dags/example_asset_alias.py","logger":"airflow.models.dagbag.DagBag"}
{"timestamp":"2025-08-06T14:26:52.488455","level":"info","event":"Filling up the DagBag from /home/airflow/.local/lib/python3.12/site-packages/airflow/example_dags/example_asset_alias.py","logger":"airflow.models.dagbag.DagBag"}
{"timestamp":"2025-08-06T14:27:23.061376","level":"info","event":"Filling up the DagBag from /home/airflow/.local/lib/python3.12/site-packages/airflow/example_dags/example_asset_alias.py","logger":"airflow.models.dagbag.DagBag"}
{"timestamp":"2025-08-06T14:27:53.833298","level":"info","event":"Filling up the DagBag from /home/airflow/.local/lib/python3.12/site-packages/airflow/example_dags/example_asset_alias.py","logger":"airflow.models.dagbag.DagBag"}
{"timestamp":"2025-08-06T14:28:24.674539","level":"info","event":"Filling up the DagBag from /home/airflow/.local/lib/python3.12/site-packages/airflow/example_dags/example_asset_alias.py","logger":"airflow.models.dagbag.DagBag"}
{"timestamp":"2025-08-06T14:28:55.195892","level":"info","event":"Filling up the DagBag from /home/airflow/.local/lib/python3.12/site-packages/airflow/example_dags/example_asset_alias.py","logger":"airflow.models.dagbag.DagBag"}
{"timestamp":"2025-08-06T14:29:26.936640","level":"info","event":"Filling up the DagBag from /home/airflow/.local/lib/python3.12/site-packages/airflow/example_dags/example_asset_alias.py","logger":"airflow.models.dagbag.DagBag"}
{"timestamp":"2025-08-06T14:29:57.407089","level":"info","event":"Filling up the DagBag from /home/airflow/.local/lib/python3.12/site-packages/airflow/example_dags/example_asset_alias.py","logger":"airflow.models.dagbag.DagBag"}
{"timestamp":"2025-08-06T14:30:28.456879","level":"info","event":"Filling up the DagBag from /home/airflow/.local/lib/python3.12/site-packages/airflow/example_dags/example_asset_alias.py","logger":"airflow.models.dagbag.DagBag"}
{"timestamp":"2025-08-06T14:30:59.591535","level":"info","event":"Filling up the DagBag from /home/airflow/.local/lib/python3.12/site-packages/airflow/example_dags/example_asset_alias.py","logger":"airflow.models.dagbag.DagBag"}
{"timestamp":"2025-08-06T14:31:30.094410","level":"info","event":"Filling up the DagBag from /home/airflow/.local/lib/python3.12/site-packages/airflow/example_dags/example_asset_alias.py","logger":"airflow.models.dagbag.DagBag"}
{"timestamp":"2025-08-06T14:32:00.721235","level":"info","event":"Filling up the DagBag from /home/airflow/.local/lib/python3.12/site-packages/airflow/example_dags/example_asset_alias.py","logger":"airflow.models.dagbag.DagBag"}
{"timestamp":"2025-08-06T14:32:32.309020","level":"info","event":"Filling up the DagBag from /home/airflow/.local/lib/python3.12/site-packages/airflow/example_dags/example_asset_alias.py","logger":"airflow.models.dagbag.DagBag"}
{"timestamp":"2025-08-06T14:33:03.445348","level":"info","event":"Filling up the DagBag from /home/airflow/.local/lib/python3.12/site-packages/airflow/example_dags/example_asset_alias.py","logger":"airflow.models.dagbag.DagBag"}
{"timestamp":"2025-08-06T14:33:33.597772","level":"info","event":"Filling up the DagBag from /home/airflow/.local/lib/python3.12/site-packages/airflow/example_dags/example_asset_alias.py","logger":"airflow.models.dagbag.DagBag"}
{"timestamp":"2025-08-06T14:34:05.471868","level":"info","event":"Filling up the DagBag from /home/airflow/.local/lib/python3.12/site-packages/airflow/example_dags/example_asset_alias.py","logger":"airflow.models.dagbag.DagBag"}
{"timestamp":"2025-08-06T14:34:36.245159","level":"info","event":"Filling up the DagBag from /home/airflow/.local/lib/python3.12/site-packages/airflow/example_dags/example_asset_alias.py","logger":"airflow.models.dagbag.DagBag"}
{"timestamp":"2025-08-06T14:35:06.956324","level":"info","event":"Filling up the DagBag from /home/airflow/.local/lib/python3.12/site-packages/airflow/example_dags/example_asset_alias.py","logger":"airflow.models.dagbag.DagBag"}
{"timestamp":"2025-08-06T14:35:37.275072","level":"info","event":"Filling up the DagBag from /home/airflow/.local/lib/python3.12/site-packages/airflow/example_dags/example_asset_alias.py","logger":"airflow.models.dagbag.DagBag"}
{"timestamp":"2025-08-06T14:36:09.223355","level":"info","event":"Filling up the DagBag from /home/airflow/.local/lib/python3.12/site-packages/airflow/example_dags/example_asset_alias.py","logger":"airflow.models.dagbag.DagBag"}
{"timestamp":"2025-08-06T14:36:40.292148","level":"info","event":"Filling up the DagBag from /home/airflow/.local/lib/python3.12/site-packages/airflow/example_dags/example_asset_alias.py","logger":"airflow.models.dagbag.DagBag"}
{"timestamp":"2025-08-06T14:37:58.891489","level":"info","event":"Filling up the DagBag from /home/airflow/.local/lib/python3.12/site-packages/airflow/example_dags/example_asset_alias.py","logger":"airflow.models.dagbag.DagBag"}
